<?xml version="1.0" encoding="UTF-8"?>
<testsuite name="bci.maintainers.users.UsersApplicationTests" tests="1" skipped="0" failures="0" errors="0" timestamp="2024-12-29T00:52:37" hostname="S510U" time="0.605">
  <properties/>
  <testcase name="contextLoads()" classname="bci.maintainers.users.UsersApplicationTests" time="0.605"/>
  <system-out><![CDATA[21:52:34.248 [Test worker] INFO org.springframework.test.context.support.AnnotationConfigContextLoaderUtils -- Could not detect default configuration classes for test class [bci.maintainers.users.UsersApplicationTests]: UsersApplicationTests does not declare any static, non-private, non-final, nested classes annotated with @Configuration.
21:52:34.337 [Test worker] INFO org.springframework.boot.test.context.SpringBootTestContextBootstrapper -- Found @SpringBootConfiguration bci.maintainers.users.UsersApplication for test class bci.maintainers.users.UsersApplicationTests

  .   ____          _            __ _ _
 /\\ / ___'_ __ _ _(_)_ __  __ _ \ \ \ \
( ( )\___ | '_ | '_| | '_ \/ _` | \ \ \ \
 \\/  ___)| |_)| | | | | || (_| |  ) ) ) )
  '  |____| .__|_| |_|_| |_\__, | / / / /
 =========|_|==============|___/=/_/_/_/

 :: Spring Boot ::                (v3.4.1)

2024-12-28T21:52:34.786-03:00  INFO 8927 --- [users] [    Test worker] b.m.users.UsersApplicationTests          : Starting UsersApplicationTests using Java 17.0.13 with PID 8927 (started by apainen in /home/apainen/IdeaProjects/users)
2024-12-28T21:52:34.787-03:00  INFO 8927 --- [users] [    Test worker] b.m.users.UsersApplicationTests          : No active profile set, falling back to 1 default profile: "default"
2024-12-28T21:52:35.423-03:00  INFO 8927 --- [users] [    Test worker] .s.d.r.c.RepositoryConfigurationDelegate : Bootstrapping Spring Data JPA repositories in DEFAULT mode.
2024-12-28T21:52:35.448-03:00  INFO 8927 --- [users] [    Test worker] .s.d.r.c.RepositoryConfigurationDelegate : Finished Spring Data repository scanning in 13 ms. Found 0 JPA repository interfaces.
2024-12-28T21:52:35.962-03:00  INFO 8927 --- [users] [    Test worker] o.hibernate.jpa.internal.util.LogHelper  : HHH000204: Processing PersistenceUnitInfo [name: default]
2024-12-28T21:52:36.028-03:00  INFO 8927 --- [users] [    Test worker] org.hibernate.Version                    : HHH000412: Hibernate ORM core version 6.6.4.Final
2024-12-28T21:52:36.059-03:00  INFO 8927 --- [users] [    Test worker] o.h.c.internal.RegionFactoryInitiator    : HHH000026: Second-level cache disabled
2024-12-28T21:52:36.318-03:00  INFO 8927 --- [users] [    Test worker] o.s.o.j.p.SpringPersistenceUnitInfo      : No LoadTimeWeaver setup: ignoring JPA class transformer
2024-12-28T21:52:36.343-03:00  INFO 8927 --- [users] [    Test worker] com.zaxxer.hikari.HikariDataSource       : HikariPool-1 - Starting...
2024-12-28T21:52:36.502-03:00  INFO 8927 --- [users] [    Test worker] com.zaxxer.hikari.pool.HikariPool        : HikariPool-1 - Added connection conn0: url=jdbc:h2:mem:testdb user=SA
2024-12-28T21:52:36.505-03:00  INFO 8927 --- [users] [    Test worker] com.zaxxer.hikari.HikariDataSource       : HikariPool-1 - Start completed.
2024-12-28T21:52:36.530-03:00  WARN 8927 --- [users] [    Test worker] org.hibernate.orm.deprecation            : HHH90000025: H2Dialect does not need to be specified explicitly using 'hibernate.dialect' (remove the property setting and it will be selected by default)
2024-12-28T21:52:36.556-03:00  INFO 8927 --- [users] [    Test worker] org.hibernate.orm.connections.pooling    : HHH10001005: Database info:
	Database JDBC URL [Connecting through datasource 'HikariDataSource (HikariPool-1)']
	Database driver: undefined/unknown
	Database version: 2.3.232
	Autocommit mode: undefined/unknown
	Isolation level: undefined/unknown
	Minimum pool size: undefined/unknown
	Maximum pool size: undefined/unknown
2024-12-28T21:52:36.856-03:00  INFO 8927 --- [users] [    Test worker] o.h.e.t.j.p.i.JtaPlatformInitiator       : HHH000489: No JTA platform available (set 'hibernate.transaction.jta.platform' to enable JTA platform integration)
2024-12-28T21:52:36.861-03:00  INFO 8927 --- [users] [    Test worker] j.LocalContainerEntityManagerFactoryBean : Initialized JPA EntityManagerFactory for persistence unit 'default'
2024-12-28T21:52:37.015-03:00  WARN 8927 --- [users] [    Test worker] JpaBaseConfiguration$JpaWebConfiguration : spring.jpa.open-in-view is enabled by default. Therefore, database queries may be performed during view rendering. Explicitly configure spring.jpa.open-in-view to disable this warning
2024-12-28T21:52:37.386-03:00  INFO 8927 --- [users] [    Test worker] o.s.b.a.h2.H2ConsoleAutoConfiguration    : H2 console available at '/h2-console'. Database available at 'jdbc:h2:mem:testdb'
2024-12-28T21:52:37.452-03:00  WARN 8927 --- [users] [    Test worker] .s.s.UserDetailsServiceAutoConfiguration : 

Using generated security password: bf9373dc-145a-4fa4-93fe-487fd4c26abe

This generated password is for development use only. Your security configuration must be updated before running your application in production.

2024-12-28T21:52:37.475-03:00  INFO 8927 --- [users] [    Test worker] r$InitializeUserDetailsManagerConfigurer : Global AuthenticationManager configured with UserDetailsService bean with name inMemoryUserDetailsManager
2024-12-28T21:52:37.704-03:00  INFO 8927 --- [users] [    Test worker] b.m.users.UsersApplicationTests          : Started UsersApplicationTests in 3.219 seconds (process running for 4.258)
]]></system-out>
  <system-err><![CDATA[]]></system-err>
</testsuite>
