<?xml version="1.0" encoding="UTF-8"?>
<testsuite name="bci.maintainers.users.UsersApplicationTests" tests="1" skipped="0" failures="0" errors="0" timestamp="2025-01-02T09:19:46" hostname="S510U" time="0.508">
  <properties/>
  <testcase name="contextLoads()" classname="bci.maintainers.users.UsersApplicationTests" time="0.508"/>
  <system-out><![CDATA[06:19:39.463 [Test worker] INFO org.springframework.test.context.support.AnnotationConfigContextLoaderUtils -- Could not detect default configuration classes for test class [bci.maintainers.users.UsersApplicationTests]: UsersApplicationTests does not declare any static, non-private, non-final, nested classes annotated with @Configuration.
06:19:39.668 [Test worker] INFO org.springframework.boot.test.context.SpringBootTestContextBootstrapper -- Found @SpringBootConfiguration bci.maintainers.users.UsersApplication for test class bci.maintainers.users.UsersApplicationTests

  .   ____          _            __ _ _
 /\\ / ___'_ __ _ _(_)_ __  __ _ \ \ \ \
( ( )\___ | '_ | '_| | '_ \/ _` | \ \ \ \
 \\/  ___)| |_)| | | | | || (_| |  ) ) ) )
  '  |____| .__|_| |_|_| |_\__, | / / / /
 =========|_|==============|___/=/_/_/_/

 :: Spring Boot ::                (v3.4.1)

2025-01-02T06:19:40.340-03:00  INFO 164791 --- [users] [    Test worker] b.m.users.UsersApplicationTests          : Starting UsersApplicationTests using Java 17.0.13 with PID 164791 (started by apainen in /home/apainen/IdeaProjects/users)
2025-01-02T06:19:40.342-03:00  INFO 164791 --- [users] [    Test worker] b.m.users.UsersApplicationTests          : No active profile set, falling back to 1 default profile: "default"
2025-01-02T06:19:41.714-03:00  INFO 164791 --- [users] [    Test worker] .s.d.r.c.RepositoryConfigurationDelegate : Bootstrapping Spring Data JPA repositories in DEFAULT mode.
2025-01-02T06:19:41.785-03:00  INFO 164791 --- [users] [    Test worker] .s.d.r.c.RepositoryConfigurationDelegate : Finished Spring Data repository scanning in 57 ms. Found 2 JPA repository interfaces.
2025-01-02T06:19:42.530-03:00  INFO 164791 --- [users] [    Test worker] o.hibernate.jpa.internal.util.LogHelper  : HHH000204: Processing PersistenceUnitInfo [name: default]
2025-01-02T06:19:42.631-03:00  INFO 164791 --- [users] [    Test worker] org.hibernate.Version                    : HHH000412: Hibernate ORM core version 6.6.4.Final
2025-01-02T06:19:42.674-03:00  INFO 164791 --- [users] [    Test worker] o.h.c.internal.RegionFactoryInitiator    : HHH000026: Second-level cache disabled
2025-01-02T06:19:43.033-03:00  INFO 164791 --- [users] [    Test worker] o.s.o.j.p.SpringPersistenceUnitInfo      : No LoadTimeWeaver setup: ignoring JPA class transformer
2025-01-02T06:19:43.069-03:00  INFO 164791 --- [users] [    Test worker] com.zaxxer.hikari.HikariDataSource       : HikariPool-1 - Starting...
2025-01-02T06:19:43.427-03:00  INFO 164791 --- [users] [    Test worker] com.zaxxer.hikari.pool.HikariPool        : HikariPool-1 - Added connection conn0: url=jdbc:h2:mem:testdb user=SA
2025-01-02T06:19:43.431-03:00  INFO 164791 --- [users] [    Test worker] com.zaxxer.hikari.HikariDataSource       : HikariPool-1 - Start completed.
2025-01-02T06:19:43.545-03:00  INFO 164791 --- [users] [    Test worker] org.hibernate.orm.connections.pooling    : HHH10001005: Database info:
	Database JDBC URL [Connecting through datasource 'HikariDataSource (HikariPool-1)']
	Database driver: undefined/unknown
	Database version: 2.3.232
	Autocommit mode: undefined/unknown
	Isolation level: undefined/unknown
	Minimum pool size: undefined/unknown
	Maximum pool size: undefined/unknown
2025-01-02T06:19:44.386-03:00  INFO 164791 --- [users] [    Test worker] o.h.m.i.EntityInstantiatorPojoStandard   : HHH000182: No default (no-argument) constructor for class: bci.maintainers.users.model.entity.User (class must be instantiated by Interceptor)
2025-01-02T06:19:44.661-03:00  INFO 164791 --- [users] [    Test worker] o.h.e.t.j.p.i.JtaPlatformInitiator       : HHH000489: No JTA platform available (set 'hibernate.transaction.jta.platform' to enable JTA platform integration)
Hibernate: 
    create table phones (
        id uuid not null,
        city_code varchar(255),
        country_code varchar(255),
        number varchar(255),
        user_id uuid,
        primary key (id)
    )
Hibernate: 
    create table users (
        id uuid not null,
        created timestamp(6),
        email varchar(255) not null,
        is_active boolean not null,
        last_login timestamp(6),
        modified timestamp(6),
        name varchar(255) not null,
        password varchar(255) not null,
        token varchar(255),
        primary key (id)
    )
Hibernate: 
    create table users_phones (
        user_id uuid not null,
        phones_id uuid not null
    )
Hibernate: 
    alter table if exists phones 
       drop constraint if exists UKiyb1ctsfd11m9cbkngt35br2v
Hibernate: 
    alter table if exists phones 
       add constraint UKiyb1ctsfd11m9cbkngt35br2v unique (number)
Hibernate: 
    alter table if exists users 
       drop constraint if exists UK6dotkott2kjsp8vw4d0m25fb7
Hibernate: 
    alter table if exists users 
       add constraint UK6dotkott2kjsp8vw4d0m25fb7 unique (email)
Hibernate: 
    alter table if exists users_phones 
       drop constraint if exists UK8em9x6dvssprisqghwwe0dgee
Hibernate: 
    alter table if exists users_phones 
       add constraint UK8em9x6dvssprisqghwwe0dgee unique (phones_id)
Hibernate: 
    alter table if exists phones 
       add constraint FKmg6d77tgqfen7n1g763nvsqe3 
       foreign key (user_id) 
       references users
Hibernate: 
    alter table if exists users_phones 
       add constraint FK2h8lrw8nchqt19wj7lqgdjfpo 
       foreign key (phones_id) 
       references phones
Hibernate: 
    alter table if exists users_phones 
       add constraint FK36dpkfhw8ehrymjanebpnkgml 
       foreign key (user_id) 
       references users
2025-01-02T06:19:44.751-03:00  INFO 164791 --- [users] [    Test worker] j.LocalContainerEntityManagerFactoryBean : Initialized JPA EntityManagerFactory for persistence unit 'default'
2025-01-02T06:19:45.304-03:00  WARN 164791 --- [users] [    Test worker] JpaBaseConfiguration$JpaWebConfiguration : spring.jpa.open-in-view is enabled by default. Therefore, database queries may be performed during view rendering. Explicitly configure spring.jpa.open-in-view to disable this warning
2025-01-02T06:19:45.330-03:00  WARN 164791 --- [users] [    Test worker] .s.s.UserDetailsServiceAutoConfiguration : 

Using generated security password: 985200b8-b5a4-4fe8-990d-eba09733908d

This generated password is for development use only. Your security configuration must be updated before running your application in production.

2025-01-02T06:19:45.356-03:00  INFO 164791 --- [users] [    Test worker] r$InitializeUserDetailsManagerConfigurer : Global AuthenticationManager configured with UserDetailsService bean with name inMemoryUserDetailsManager
2025-01-02T06:19:45.715-03:00  WARN 164791 --- [users] [    Test worker] o.s.s.c.a.web.builders.WebSecurity       : You are asking Spring Security to ignore Deferred [Mvc [pattern='/h2-console/**'], Ant [pattern='/h2-console/**']]. This is not recommended -- please use permitAll via HttpSecurity#authorizeHttpRequests instead.
2025-01-02T06:19:45.716-03:00  WARN 164791 --- [users] [    Test worker] o.s.s.c.a.web.builders.WebSecurity       : You are asking Spring Security to ignore Deferred [Mvc [pattern='/**'], Ant [pattern='/**']]. This is not recommended -- please use permitAll via HttpSecurity#authorizeHttpRequests instead.
2025-01-02T06:19:46.107-03:00  INFO 164791 --- [users] [    Test worker] o.s.b.a.h2.H2ConsoleAutoConfiguration    : H2 console available at '/h2-console'. Database available at 'jdbc:h2:mem:testdb'
2025-01-02T06:19:46.212-03:00  INFO 164791 --- [users] [    Test worker] b.m.users.UsersApplicationTests          : Started UsersApplicationTests in 6.296 seconds (process running for 8.23)
]]></system-out>
  <system-err><![CDATA[]]></system-err>
</testsuite>
